\BOOKMARK [1][-]{toc1.1}{Contents}{}% 1
\BOOKMARK [1][-]{section.1}{1 Introduction}{}% 2
\BOOKMARK [1][-]{section.2}{2 User's guide}{}% 3
\BOOKMARK [2][-]{subsection.2.1}{2.1 Installation}{section.2}% 4
\BOOKMARK [2][-]{subsection.2.2}{2.2 Invocation and options}{section.2}% 5
\BOOKMARK [2][-]{subsection.2.3}{2.3 Topmatter commands}{section.2}% 6
\BOOKMARK [2][-]{subsection.2.4}{2.4 Algorithms}{section.2}% 7
\BOOKMARK [2][-]{subsection.2.5}{2.5 Figures and tables}{section.2}% 8
\BOOKMARK [2][-]{subsection.2.6}{2.6 Theorems}{section.2}% 9
\BOOKMARK [2][-]{subsection.2.7}{2.7 Online-only and offline-only material}{section.2}% 10
\BOOKMARK [2][-]{subsection.2.8}{2.8 Note about anonymous mode}{section.2}% 11
\BOOKMARK [2][-]{subsection.2.9}{2.9 Acknowledgments}{section.2}% 12
\BOOKMARK [2][-]{subsection.2.10}{2.10 Bibliography}{section.2}% 13
\BOOKMARK [2][-]{subsection.2.11}{2.11 Colors}{section.2}% 14
\BOOKMARK [2][-]{subsection.2.12}{2.12 Other notable packages and typographic remarks}{section.2}% 15
\BOOKMARK [1][-]{section.3}{3 Implementation}{}% 16
\BOOKMARK [2][-]{subsection.3.1}{3.1 Identification}{section.3}% 17
\BOOKMARK [2][-]{subsection.3.2}{3.2 Options}{section.3}% 18
\BOOKMARK [2][-]{subsection.3.3}{3.3 Setting switches}{section.3}% 19
\BOOKMARK [2][-]{subsection.3.4}{3.4 Loading base class and package}{section.3}% 20
\BOOKMARK [2][-]{subsection.3.5}{3.5 Paper size and paragraphing}{section.3}% 21
\BOOKMARK [2][-]{subsection.3.6}{3.6 Fonts}{section.3}% 22
\BOOKMARK [2][-]{subsection.3.7}{3.7 Floats}{section.3}% 23
\BOOKMARK [2][-]{subsection.3.8}{3.8 Lists}{section.3}% 24
\BOOKMARK [2][-]{subsection.3.9}{3.9 Top matter data}{section.3}% 25
\BOOKMARK [2][-]{subsection.3.10}{3.10 Concepts system}{section.3}% 26
\BOOKMARK [2][-]{subsection.3.11}{3.11 Copyright system}{section.3}% 27
\BOOKMARK [2][-]{subsection.3.12}{3.12 Typesetting top matter}{section.3}% 28
\BOOKMARK [2][-]{subsection.3.13}{3.13 Headers and Footers}{section.3}% 29
\BOOKMARK [2][-]{subsection.3.14}{3.14 Sectioning}{section.3}% 30
\BOOKMARK [2][-]{subsection.3.15}{3.15 Theorems}{section.3}% 31
\BOOKMARK [2][-]{subsection.3.16}{3.16 Acknowledgments}{section.3}% 32
\BOOKMARK [2][-]{subsection.3.17}{3.17 Conditional typesetting}{section.3}% 33
\BOOKMARK [2][-]{subsection.3.18}{3.18 Additional bibliography commands}{section.3}% 34
\BOOKMARK [2][-]{subsection.3.19}{3.19 End of Class}{section.3}% 35
\BOOKMARK [1][-]{bib2.1}{References}{}% 36
\BOOKMARK [1][-]{glossary3.1}{Change History}{}% 37
\BOOKMARK [1][-]{index4.1}{Index}{}% 38
\BOOKMARK [2][-]{HD.Symbols.2}{Symbols}{index4.1}% 39
\BOOKMARK [2][-]{HD.A.2}{A}{index4.1}% 40
\BOOKMARK [2][-]{HD.B.2}{B}{index4.1}% 41
\BOOKMARK [2][-]{HD.C.2}{C}{index4.1}% 42
\BOOKMARK [2][-]{HD.D.2}{D}{index4.1}% 43
\BOOKMARK [2][-]{HD.E.2}{E}{index4.1}% 44
\BOOKMARK [2][-]{HD.F.2}{F}{index4.1}% 45
\BOOKMARK [2][-]{HD.G.2}{G}{index4.1}% 46
\BOOKMARK [2][-]{HD.H.2}{H}{index4.1}% 47
\BOOKMARK [2][-]{HD.I.2}{I}{index4.1}% 48
\BOOKMARK [2][-]{HD.K.2}{K}{index4.1}% 49
\BOOKMARK [2][-]{HD.L.2}{L}{index4.1}% 50
\BOOKMARK [2][-]{HD.M.2}{M}{index4.1}% 51
\BOOKMARK [2][-]{HD.N.2}{N}{index4.1}% 52
\BOOKMARK [2][-]{HD.O.2}{O}{index4.1}% 53
\BOOKMARK [2][-]{HD.P.2}{P}{index4.1}% 54
\BOOKMARK [2][-]{HD.Q.2}{Q}{index4.1}% 55
\BOOKMARK [2][-]{HD.R.2}{R}{index4.1}% 56
\BOOKMARK [2][-]{HD.S.2}{S}{index4.1}% 57
\BOOKMARK [2][-]{HD.T.2}{T}{index4.1}% 58
\BOOKMARK [2][-]{HD.U.2}{U}{index4.1}% 59
\BOOKMARK [2][-]{HD.V.2}{V}{index4.1}% 60
\BOOKMARK [2][-]{HD.W.2}{W}{index4.1}% 61
\BOOKMARK [2][-]{HD.X.2}{X}{index4.1}% 62
\BOOKMARK [2][-]{HD.Z.2}{Z}{index4.1}% 63
